mercadoshops.com
subdomains.mercadoshops.com
developers.mercadoshops.com
eaglebuilding.weebly.com
creditoicga.weebly.com
monroe-charlesu3999.web.app
leadingrecords.weebly.com
analytics.mercadoshops.com
www.accesorios.kenoc.ru
rumaniake.web.app
mercadoshops.com.pe
mercadoshops.com.ec
www.mercadoshops.com
jogarrobloxsimulatordinossauro.blogspot.com
robloxavenuesignsdecal.blogspot.com
www.cliente5.mkteconsultar.com.ar
www.cliente2.mkteconsultar.com.ar
www.cliente4.mkteconsultar.com.ar
www.cliente1.mkteconsultar.com.ar
www.cliente3.mkteconsultar.com.ar
cliente4.mkteconsultar.com.ar
cliente5.mkteconsultar.com.ar
cliente1.mkteconsultar.com.ar
cliente2.mkteconsultar.com.ar
cliente3.mkteconsultar.com.ar
freechampion603.weebly.com
www.paqueteachina.com.ar
mercadoshop.com.pt
robloxpromocodesgeneratorwebsite.blogspot.be
freerobuxcode2019juneworking.blogspot.be
freerobuxreallyworksnohuman.blogspot.be
my.inrigetajacmey.tk
twitternovalystudios.blogspot.be
blocklandfreerobux2019promo.blogspot.be
freerobloxgiftcardcodesnotredeemed5.blogspot.be
newfreerobloxaccountswithrobuxuser1.blogspot.be
andviajes.tur.ar
paqueteachina.com.ar
pechkus.co
integradosargentinos.com
dgi.mx
www.happilyhomeschooling.com
saunaresearch.org
www.rbcglobalbusiness.com
www.computoyservicio.mx
www.habibapet.com
telesamaury.mercadoshops.com.br
salters.loshermanosindigenas.org.mx
www.billybeat.cl
billardi.mx
www.securitycontrol.com.ar
hanklee.net
www.safetyparts.com.br
tiagoeng5.mercadoshops.com.br
www.krakenbikes.com.mx
www.amazonasfishing.com.ar
www.gigasafe.com.br
www.todolibrestore.com.ar
www.amazoniavelas.com.ar
tinsolder.com.br
www.eduar.com.br
www.tienda.educando.com.ar
lojaamazonia.mercadoshops.com.br
microsoftxpress.com
www.swissbrandmx.com
www.workingsafe.com.ar
educando.com.ar
www.federalsul.online
www.coronasarca.com
www.bankai.com.br
www.analytics.mercadoshops.com
accesorios.kenoc.ru
www.mercadoshops.com.ar
bux.wellter.de
working.buxrbx.com
play.robuxtip.org
track.gamehub.za.com
tinsolder.mercadoshops.com.br
*.mercadoshops.com.ar
mercadoshops.com.ar
*.mercadoshops.com.br
mercadoshops.com.br
*.mercadoshops.com.co
mercadoshops.com.co
*.mercadoshops.com.mx
mercadoshops.com.mx
*.mercadoshops.com.ve
mercadoshops.com.ve
static.mercadoshops.com
mail.mercadoshops.com
ayuda.mercadoshops.com
ayuda.mercadoshops.com.br
blog.mercadoshops.com
blog.mercadoshops.com.br
api.mercadoshops.com
www.api.mercadoshops.com
www.blog.mercadoshops.com
developers.mercadoshops.com.br
developers.mercadoshops.com.co
developers.mercadoshops.com.mx
developers.mercadoshops.com.ve
[+] Finding Assets: mercadoshops.com

    __    __  __       _  __
   / /_  / /_/ /_____ | |/ /
  / __ \/ __/ __/ __ \|   /
 / / / / /_/ /_/ /_/ /   |
/_/ /_/\__/\__/ .___/_/|_|
             /_/              v1.1.5

		projectdiscovery.io

Use with caution. You are responsible for your actions.
Developers assume no liability and are not responsible for any misuse or damage.
https://ayuda.mercadoshops.com.br
https://eaglebuilding.weebly.com
https://freechampion603.weebly.com
https://freerobuxcode2019juneworking.blogspot.be
https://mercadoshops.com
https://ayuda.mercadoshops.com
https://analytics.mercadoshops.com
https://hanklee.net
https://freerobloxgiftcardcodesnotredeemed5.blogspot.be
https://accesorios.kenoc.ru
https://freerobuxreallyworksnohuman.blogspot.be
https://lojaamazonia.mercadoshops.com.br
https://blocklandfreerobux2019promo.blogspot.be
https://mercadoshops.com.ar
https://developers.mercadoshops.com
https://leadingrecords.weebly.com
http://ayuda.mercadoshops.com
https://jogarrobloxsimulatordinossauro.blogspot.com
http://mercadoshops.com
https://developers.mercadoshops.com.br
http://freerobloxgiftcardcodesnotredeemed5.blogspot.be
https://dgi.mx
http://lojaamazonia.mercadoshops.com.br
https://blog.mercadoshops.com.br
http://freerobuxreallyworksnohuman.blogspot.be
http://developers.mercadoshops.com
https://mercadoshops.com.co
http://mercadoshops.com.ar
http://freechampion603.weebly.com
http://eaglebuilding.weebly.com
http://ayuda.mercadoshops.com.br
http://developers.mercadoshops.com.br
http://hanklee.net
http://blog.mercadoshops.com.br
https://mercadoshops.com.br
https://creditoicga.weebly.com
http://analytics.mercadoshops.com
http://blocklandfreerobux2019promo.blogspot.be
http://mercadoshop.com.pt
http://developers.mercadoshops.com.mx
http://jogarrobloxsimulatordinossauro.blogspot.com
http://leadingrecords.weebly.com
http://freerobuxcode2019juneworking.blogspot.be
http://creditoicga.weebly.com
http://mercadoshops.com.co
https://mercadoshops.com.ve
http://accesorios.kenoc.ru
http://mercadoshops.com.br
https://developers.mercadoshops.com.mx
https://monroe-charlesu3999.web.app
https://newfreerobloxaccountswithrobuxuser1.blogspot.be
https://mercadoshops.com.mx
http://mercadoshops.com.ve
http://monroe-charlesu3999.web.app
http://mercadoshops.com.mx
https://robloxpromocodesgeneratorwebsite.blogspot.be
http://dgi.mx
http://newfreerobloxaccountswithrobuxuser1.blogspot.be
http://rumaniake.web.app
http://mercadoshops.com.pe
https://static.mercadoshops.com
https://rumaniake.web.app
http://mercadoshops.com.ec
http://robloxpromocodesgeneratorwebsite.blogspot.be
https://robloxavenuesignsdecal.blogspot.com
https://tiagoeng5.mercadoshops.com.br
https://telesamaury.mercadoshops.com.br
http://tiagoeng5.mercadoshops.com.br
https://subdomains.mercadoshops.com
http://telesamaury.mercadoshops.com.br
https://cliente3.mkteconsultar.com.ar
https://tinsolder.mercadoshops.com.br
https://twitternovalystudios.blogspot.be
http://twitternovalystudios.blogspot.be
http://cliente4.mkteconsultar.com.ar
http://cliente3.mkteconsultar.com.ar
http://robloxavenuesignsdecal.blogspot.com
https://www.analytics.mercadoshops.com
http://cliente2.mkteconsultar.com.ar
https://cliente2.mkteconsultar.com.ar
https://educando.com.ar
http://microsoftxpress.com
https://www.accesorios.kenoc.ru
https://andviajes.tur.ar
http://www.accesorios.kenoc.ru
http://cliente5.mkteconsultar.com.ar
http://integradosargentinos.com
http://tinsolder.mercadoshops.com.br
http://cliente1.mkteconsultar.com.ar
http://subdomains.mercadoshops.com
https://tinsolder.com.br
https://cliente1.mkteconsultar.com.ar
https://cliente5.mkteconsultar.com.ar
https://www.amazonasfishing.com.ar
http://tinsolder.com.br
http://educando.com.ar
http://andviajes.tur.ar
http://www.amazonasfishing.com.ar:8080
http://www.amazonasfishing.com.ar
https://integradosargentinos.com
http://www.bankai.com.br
https://cliente4.mkteconsultar.com.ar
https://www.bankai.com.br
http://www.analytics.mercadoshops.com
http://www.cliente1.mkteconsultar.com.ar
https://www.cliente2.mkteconsultar.com.ar
https://www.coronasarca.com
http://www.coronasarca.com
http://static.mercadoshops.com
https://www.cliente1.mkteconsultar.com.ar
https://www.eduar.com.br
http://www.cliente3.mkteconsultar.com.ar
http://www.cliente2.mkteconsultar.com.ar
http://www.eduar.com.br
https://www.cliente4.mkteconsultar.com.ar
https://www.gigasafe.com.br
http://www.mercadoshops.com
https://www.cliente3.mkteconsultar.com.ar
https://www.mercadoshops.com
https://www.mercadoshops.com.ar
http://www.cliente4.mkteconsultar.com.ar
http://www.mercadoshops.com.ar
http://www.cliente5.mkteconsultar.com.ar
https://www.cliente5.mkteconsultar.com.ar
http://www.gigasafe.com.br
https://www.rbcglobalbusiness.com
http://www.rbcglobalbusiness.com
http://www.happilyhomeschooling.com
http://www.securitycontrol.com.ar
http://www.todolibrestore.com.ar
https://www.securitycontrol.com.ar
https://www.todolibrestore.com.ar
https://www.tienda.educando.com.ar
https://www.happilyhomeschooling.com
http://www.tienda.educando.com.ar
