
               __    _____           __         
   _______  __/ /_  / __(_)___  ____/ /__  _____
  / ___/ / / / __ \/ /_/ / __ \/ __  / _ \/ ___/
 (__  ) /_/ / /_/ / __/ / / / / /_/ /  __/ /    
/____/\__,_/_.___/_/ /_/_/ /_/\__,_/\___/_/

		projectdiscovery.io

[[34mINF[0m] Current subfinder version v2.7.0 ([91moutdated[0m)
[[34mINF[0m] Loading provider config from /root/.config/subfinder/provider-config.yaml
[[34mINF[0m] Enumerating subdomains for mercadoshops.com
[[34mINF[0m] Found 72 subdomains for mercadoshops.com in 4 seconds 267 milliseconds
thgoporcides.mercadoshops.com
alfeststore.mercadoshops.com
www.analytics.mercadoshops.com
flechagames.mercadoshops.com
obrasenseco.mercadoshops.com
tatetiparati.mercadoshops.com
modalojinhadofuxico.mercadoshops.com
infocrip.mercadoshops.com
subdominios.mercadoshops.com
analytics.mercadoshops.com
clemiltondesouzarosa.mercadoshops.com
developers.mercadoshops.com
pick-this.mercadoshops.com
sapfhire.mercadoshops.com
insumosyserviciosindustriales.mercadoshops.com
aszi.mercadoshops.com
sudomains.mercadoshops.com
linestyle.mercadoshops.com
mipol.com.ar.mercadoshops.com
loveshop.mercadoshops.com
soal9109207.mercadoshops.com
clublanus.mercadoshops.com
desativadosubdomains.mercadoshops.com
heymamawolfdsg.mercadoshops.com
montur.mercadoshops.com
mercado.mercadoshops.com
guillermomessina.mercadoshops.com
diretoonline.mercadoshops.com
subdomains.mercadoshops.com
static.mercadoshops.com
www.subdomains.mercadoshops.com
palermofazio.mercadoshops.com
2subdomains.mercadoshops.com
dtgshop.mercadoshops.com
multidc.mercadoshops.com
todaviaestiempo.mercadoshops.com
upavirtualcomar.mercadoshops.com
monitor.mercadoshops.com
electronicachacao.mercadoshops.com
dydferreteria.mercadoshops.com
lafrancoperfumeria.mercadoshops.com
madererasudamericana.mercadoshops.com
floni.mercadoshops.com
materialesmoreno.mercadoshops.com
almacenanamaria.mercadoshops.com
excelinfo.mercadoshops.com
altovicio.mercadoshops.com
tienda.readytoparty.mercadoshops.com
mail.mercadoshops.com
www.api.mercadoshops.com
desa.mercadoshops.com
lacasadeleliminador.mercadoshops.com
rodthia.mercadoshops.com
alassio.mercadoshops.com
www.blog.mercadoshops.com
api.mercadoshops.com
apdomingos.mercadoshops.com
subdomians.mercadoshops.com
alofino.mercadoshops.com
kareninoacessorios.com.brsubdomains.mercadoshops.com
surfax.mercadoshops.com
caciquesombreros.mercadoshops.com
blog.mercadoshops.com
testdev.mercadoshops.com
www.mercadoshops.com
estampefotos.mercadoshops.com
ayuda.mercadoshops.com
subdomain.mercadoshops.com
jironesdemivida.mercadoshops.com
prontomotos.mercadoshops.com
hechoamanomarket.mercadoshops.com
ariv5659788.mercadoshops.com

    __    __  __       _  __
   / /_  / /_/ /_____ | |/ /
  / __ \/ __/ __/ __ \|   /
 / / / / /_/ /_/ /_/ /   |
/_/ /_/\__/\__/ .___/_/|_|
             /_/              v1.1.5

		projectdiscovery.io

Use with caution. You are responsible for your actions.
Developers assume no liability and are not responsible for any misuse or damage.
https://analytics.mercadoshops.com
https://developers.mercadoshops.com
https://ayuda.mercadoshops.com
http://ayuda.mercadoshops.com
http://developers.mercadoshops.com
http://analytics.mercadoshops.com
https://static.mercadoshops.com
https://www.mercadoshops.com
https://subdomains.mercadoshops.com
https://www.analytics.mercadoshops.com
http://www.mercadoshops.com
http://subdomains.mercadoshops.com
http://www.analytics.mercadoshops.com
http://static.mercadoshops.com
