newegg.ca
sellingpilot.newegg.com
secure.m.newegg.com
promotions.newegg.com
www.newegg.com
abs.com
kopnh.weebly.com
mediafirefilms4all.blogspot.nl
lotlasopa402.weebly.com
newegg.com
secure.newegg.com
demisdesignart.neocities.org
vendorportal.newegg.com
promotions.newegg.ca
pcgamearchive.neocities.org
www.newegg.ca
ferpassion.weebly.com
cdshara.weebly.com
gethatch.com
superlogout.com
shorturl.at
goolegacy.weebly.com
www.neweggbusiness.com
mx.neweeg.ca
feragri.weebly.com
geni.us
manualaca.weebly.com
www.newegg.com.
mediafirefilms4all.blogspot.com
eather.jewegg.com
downmup976.weebly.com
mediafirefilms4all.blogspot.com.tr
mediafirefilms4all.blogspot.no
programconcepts391.weebly.com
supermarketfullpac.netlify.app
mediafirefilms4all.blogspot.co.nz
redirect.jewegg.com
mediafirefilms4all.blogspot.mx
mediafirefilms4all.blogspot.cl
film.jewegg.com
www.sellingpilot.com
www.absgamingpc.com
bridge.newegg.com
corporate.newegg.com
e11smtp01.newegg.com
e11smtp02.newegg.com
e11smtp04.newegg.com
e11smtp05.newegg.com
e11smtp06.newegg.com
e11smtp07.newegg.com
e11smtp08.newegg.com
e4smtp01.newegg.com
e4smtp02.newegg.com
e4smtp03.newegg.com
e4smtp04.newegg.com
e4smtp05.newegg.com
e4smtp06.newegg.com
e4smtp07.newegg.com
fp.newegg.com
ftp01.newegg.com
ftp02.newegg.com
gamecrate.newegg.com
promo.global.newegg.com
l.promo.global.newegg.com
a.mx.promo.global.newegg.com
b.mx.promo.global.newegg.com
p1-002110.promo.global.newegg.com
p1-002111.promo.global.newegg.com
s.promo.global.newegg.com
w.promo.global.newegg.com
x.promo.global.newegg.com
metrics.newegg.com
metrics-staging.newegg.com
mktpftp.newegg.com
promo.newegg.com
promo-flash.newegg.com
l.promo-flash.newegg.com
a.mx.promo-flash.newegg.com
b.mx.promo-flash.newegg.com
p1-002116.promo-flash.newegg.com
p1-002117.promo-flash.newegg.com
p1-002118.promo-flash.newegg.com
p1-002119.promo-flash.newegg.com
s.promo-flash.newegg.com
w.promo-flash.newegg.com
x.promo-flash.newegg.com
l.promo.newegg.com
a.mx.promo.newegg.com
b.mx.promo.newegg.com
p1-002112.promo.newegg.com
p1-002113.promo.newegg.com
p1-002124.promo.newegg.com
p1-002125.promo.newegg.com
p1-002126.promo.newegg.com
p1-002127.promo.newegg.com
p1-002128.promo.newegg.com
p1-002129.promo.newegg.com
p1-002130.promo.newegg.com
p1-002131.promo.newegg.com
p1-002132.promo.newegg.com
p1-002133.promo.newegg.com
p1-002134.promo.newegg.com
p1-002135.promo.newegg.com
p1-002136.promo.newegg.com
p1-002137.promo.newegg.com
p1-002138.promo.newegg.com
p1-002139.promo.newegg.com
s.promo.newegg.com
w.promo.newegg.com
x.promo.newegg.com
smtp.newegg.com
smtp04.newegg.com
smtp06.newegg.com
jobs.newegg.com
chattest.newegg.com
e11sellerimagestest.newegg.com
e11sellerportaltest.newegg.com
e11ssltestm.newegg.com
e11ssltest.newegg.com
e11ssltestp.newegg.com
e11stgtest-image.newegg.com
e11stgtest-m.newegg.com
e11stgtest.newegg.com
e11stgtest-secure-m.newegg.com
e11stgtest-secure.newegg.com
e11wwwtest.newegg.com
e11wwwtestp.newegg.com
helptest.newegg.com
kbtest.newegg.com
pmtcardstest.newegg.com
pmtcardstestp.newegg.com
sandboxapis.newegg.com
stagingapis.newegg.com
carriercentral.newegg.com
chat.newegg.com
download.newegg.com
eniac.newegg.com
flash.newegg.com
globalselling.newegg.com
help.newegg.com
ih.newegg.com
images10.newegg.com
imgion4.newegg.com
investors.newegg.com
kb.newegg.com
ows1.newegg.com
partner.newegg.com
pf.newegg.com
pmtcards.newegg.com
push.newegg.com
ssl-images.newegg.com
staffing.newegg.com
waf-poc.newegg.com
www2.newegg.com
www-ts1.newegg.com
www-ts2.newegg.com
apis.newegg.com
developer.newegg.com
media.newegg.com
mkplapp.newegg.com
newegg.com.tw
www.newegg.com.tw
i.promo-flash.newegg.com
i.promo.global.newegg.com
i.promo.newegg.com
vice1.newegg.com
vice2.newegg.com
vice3.newegg.com
vice4.newegg.com
vice5.newegg.com
crowds.newegg.com
ftp09.newegg.com
www.ftp01.newegg.com
as2.newegg.com
api.newegg.com
ec-apis.newegg.com
ecp.newegg.com
edi04.newegg.com
logistics.newegg.com
sellerimages.newegg.com
sellerportal.newegg.com
tapa.newegg.com
live.stream.newegg.com
push.stream.newegg.com
video.stream.newegg.com
m.newegg.com
*.newegg.com
cloudfront.newegg.com
securemail.newegg.com
blog.newegg.com
callcenter.newegg.com
states.newegg.com
final.newegg.com
e11ows1test.newegg.com
content.newegg.com
educations.newegg.com
events.newegg.com
images10m.newegg.com
images17.newegg.com
images18.newegg.com
ssl-images17.newegg.com
ssl-promotions.newegg.com
test.newegg.com
www.edi04.newegg.com
promotions-game1.newegg.com
www.securemail.newegg.com
lyncdiscover.newegg.com
sip.newegg.com
www.promo.newegg.com
apis-p.newegg.com
e4ssltest.newegg.com
e4wwwtest.newegg.com
ffasellerportal.newegg.com
gamebase.newegg.com
images.newegg.com.tw
kb1.newegg.com
mkpl.newegg.com
sellerportal2.newegg.com
e11wwwtestm.newegg.com
e4ssltestm.newegg.com
e4wwwtestm.newegg.com
images10.m.newegg.com
images17.m.newegg.com
ows.newegg.com
promotions.m.newegg.com
secure-m.newegg.com
secure-ows.newegg.com
secure.ows.newegg.com
state.newegg.com
www.ows.newegg.com
amber.newegg.com
unlocked.newegg.com
cm.newegg.com
nm.newegg.com
api01.newegg.com
api02.newegg.com
eapi.newegg.com
ec.apis.newegg.com
gamecrate1.newegg.com
images7.newegg.com
images8.newegg.com
promotions1.newegg.com
www.gamecrate.newegg.com
e3ssltestmobile2.newegg.com
e3wwwtestmobile2.newegg.com
e4test.m.newegg.com
e4testsecure.m.newegg.com
reciept.newegg.com
remote.newegg.com
trigger.newegg.com
images1.newegg.com
lmstesting.newegg.com
lmwtesting.newegg.com
secure8.newegg.com
www8.newegg.com
ad.newegg.com
nm2.newegg.com
pf2.newegg.com
service.newegg.com
www.promotions.newegg.com
www.secure.newegg.com
testsite.newegg.com
e4ssltestmobile.newegg.com
e4wwwtestmobile.newegg.com
www.testsite.newegg.com
vendorportal2.newegg.com
www.sellerportal.newegg.com
e3ssltestmobile3.newegg.com
e3wwwtestmobile3.newegg.com
imagesinstest2.newegg.com
imagesinstest3.newegg.com
imagesinstest.newegg.com
e3ssltestmobile.newegg.com
e3ssltest.newegg.com
e3wwwtestmobile.newegg.com
community.newegg.com
www.kb.newegg.com
ftp03.newegg.com
ss.newegg.com
merchant.newegg.com
secure.biz.newegg.com
newegg.com.cn
selphie.y.zhao@newegg.com
ssltest.newegg.com.cn
www.e3ssltestmobile.newegg.com
hostmaster@newegg.com
wireless.newegg.com
secure.espanol.newegg.com
[+] Finding Assets: newegg.com

    __    __  __       _  __
   / /_  / /_/ /_____ | |/ /
  / __ \/ __/ __/ __ \|   /
 / / / / /_/ /_/ /_/ /   |
/_/ /_/\__/\__/ .___/_/|_|
             /_/              v1.1.5

		projectdiscovery.io

Use with caution. You are responsible for your actions.
Developers assume no liability and are not responsible for any misuse or damage.
https://download.newegg.com
http://abs.com
https://as2.newegg.com
https://e11sellerimagestest.newegg.com
https://chattest.newegg.com
https://chat.newegg.com
http://api.newegg.com
http://downmup976.weebly.com
https://gethatch.com
http://helptest.newegg.com
http://newegg.com.cn
http://supermarketfullpac.netlify.app:443
http://x.promo.global.newegg.com
http://www.sellingpilot.com:8080
http://www.sellingpilot.com:443
http://x.promo.newegg.com
http://x.promo-flash.newegg.com
