
               __    _____           __         
   _______  __/ /_  / __(_)___  ____/ /__  _____
  / ___/ / / / __ \/ /_/ / __ \/ __  / _ \/ ___/
 (__  ) /_/ / /_/ / __/ / / / / /_/ /  __/ /    
/____/\__,_/_.___/_/ /_/_/ /_/\__,_/\___/_/

		projectdiscovery.io

[[34mINF[0m] Loading provider config from /root/.config/subfinder/provider-config.yaml
[[34mINF[0m] Enumerating subdomains for newegg.com
[[34mINF[0m] Found 204 subdomains for newegg.com in 21 seconds 996 milliseconds

    __    __  __       _  __
   / /_  / /_/ /_____ | |/ /
  / __ \/ __/ __/ __ \|   /
 / / / / /_/ /_/ /_/ /   |
/_/ /_/\__/\__/ .___/_/|_|
             /_/              v1.1.5

		projectdiscovery.io

Use with caution. You are responsible for your actions.
Developers assume no liability and are not responsible for any misuse or damage.
https://apis.newegg.com
https://api.newegg.com
https://chat.newegg.com
http://e11sellerportaltest.newegg.com
https://cloudfront.newegg.com
https://download.newegg.com
https://developer.newegg.com
https://as2.newegg.com
http://bridge.newegg.com
https://corporate.newegg.com
http://cloudfront.newegg.com
https://e11ssltest.newegg.com
http://download.newegg.com
http://corporate.newegg.com
https://e11stgtest.newegg.com
http://chat.newegg.com:8080
http://chat.newegg.com
https://e11sellerimagestest.newegg.com
http://e11sellerimagestest.newegg.com
https://e11stgtest-m.newegg.com
https://carriercentral.newegg.com
http://chattest.newegg.com
http://api.newegg.com
https://e11wwwtest.newegg.com
http://e11ssltestp.newegg.com
http://developer.newegg.com
http://as2.newegg.com
https://l.promo.newegg.com
http://i.promo.global.newegg.com
https://mkplapp.newegg.com
http://help.newegg.com
http://l.promo-flash.newegg.com
http://live.stream.newegg.com:443
http://images10.newegg.com
http://m.newegg.com
http://w.promo.global.newegg.com
