ERROR:wafw00f:Something went wrong HTTPSConnectionPool(host='edi04.newegg.com', port=443): Max retries exceeded with url: / (Caused by ProxyError('Unable to connect to proxy', ConnectTimeoutError(<urllib3.connection.HTTPSConnection object at 0x7f1b532e3380>, 'Connection to 8080 timed out. (connect timeout=7)')))
ERROR:wafw00f:Site edi04.newegg.com appears to be down
ERROR:wafw00f:Something went wrong HTTPSConnectionPool(host='api01.newegg.com', port=443): Max retries exceeded with url: / (Caused by ProxyError('Unable to connect to proxy', ConnectTimeoutError(<urllib3.connection.HTTPSConnection object at 0x7f1b532225d0>, 'Connection to 8080 timed out. (connect timeout=7)')))
ERROR:wafw00f:Site api01.newegg.com appears to be down
ERROR:wafw00f:Something went wrong HTTPSConnectionPool(host='e3ssltest.newegg.com', port=443): Max retries exceeded with url: / (Caused by ProxyError('Unable to connect to proxy', ConnectTimeoutError(<urllib3.connection.HTTPSConnection object at 0x7f1b53223110>, 'Connection to 8080 timed out. (connect timeout=7)')))
ERROR:wafw00f:Site e3ssltest.newegg.com appears to be down
ERROR:wafw00f:Something went wrong HTTPSConnectionPool(host='x.promo.global.newegg.com', port=443): Max retries exceeded with url: / (Caused by ProxyError('Unable to connect to proxy', ConnectTimeoutError(<urllib3.connection.HTTPSConnection object at 0x7f1b53223390>, 'Connection to 8080 timed out. (connect timeout=7)')))
ERROR:wafw00f:Site x.promo.global.newegg.com appears to be down
ERROR:wafw00f:Something went wrong HTTPSConnectionPool(host='p1-002132.promo.newegg.com', port=443): Max retries exceeded with url: / (Caused by ProxyError('Unable to connect to proxy', ConnectTimeoutError(<urllib3.connection.HTTPSConnection object at 0x7f1b532234d0>, 'Connection to 8080 timed out. (connect timeout=7)')))
ERROR:wafw00f:Site p1-002132.promo.newegg.com appears to be down
ERROR:wafw00f:Something went wrong HTTPSConnectionPool(host='mkpl.newegg.com', port=443): Max retries exceeded with url: / (Caused by ProxyError('Unable to connect to proxy', ConnectTimeoutError(<urllib3.connection.HTTPSConnection object at 0x7f1b53223250>, 'Connection to 8080 timed out. (connect timeout=7)')))
ERROR:wafw00f:Site mkpl.newegg.com appears to be down
ERROR:wafw00f:Something went wrong HTTPSConnectionPool(host='e11wwwtestm.newegg.com', port=443): Max retries exceeded with url: / (Caused by ProxyError('Unable to connect to proxy', ConnectTimeoutError(<urllib3.connection.HTTPSConnection object at 0x7f1b53222710>, 'Connection to 8080 timed out. (connect timeout=7)')))
ERROR:wafw00f:Site e11wwwtestm.newegg.com appears to be down
ERROR:wafw00f:Something went wrong HTTPSConnectionPool(host='e3wwwtestmobile3.newegg.com', port=443): Max retries exceeded with url: / (Caused by ProxyError('Unable to connect to proxy', ConnectTimeoutError(<urllib3.connection.HTTPSConnection object at 0x7f1b53222ad0>, 'Connection to 8080 timed out. (connect timeout=7)')))
ERROR:wafw00f:Site e3wwwtestmobile3.newegg.com appears to be down
ERROR:wafw00f:Something went wrong HTTPSConnectionPool(host='pmtcards.newegg.com', port=443): Max retries exceeded with url: / (Caused by ProxyError('Unable to connect to proxy', ConnectTimeoutError(<urllib3.connection.HTTPSConnection object at 0x7f1b53223110>, 'Connection to 8080 timed out. (connect timeout=7)')))
ERROR:wafw00f:Site pmtcards.newegg.com appears to be down
ERROR:wafw00f:Something went wrong HTTPSConnectionPool(host='ad.newegg.com', port=443): Max retries exceeded with url: / (Caused by ProxyError('Unable to connect to proxy', ConnectTimeoutError(<urllib3.connection.HTTPSConnection object at 0x7f1b53222d50>, 'Connection to 8080 timed out. (connect timeout=7)')))
ERROR:wafw00f:Site ad.newegg.com appears to be down
ERROR:wafw00f:Something went wrong HTTPSConnectionPool(host='www-ts1.newegg.com', port=443): Max retries exceeded with url: / (Caused by ProxyError('Unable to connect to proxy', ConnectTimeoutError(<urllib3.connection.HTTPSConnection object at 0x7f1b53222850>, 'Connection to 8080 timed out. (connect timeout=7)')))
ERROR:wafw00f:Site www-ts1.newegg.com appears to be down
ERROR:wafw00f:Something went wrong HTTPSConnectionPool(host='ffasellerportal.newegg.com', port=443): Max retries exceeded with url: / (Caused by ProxyError('Unable to connect to proxy', ConnectTimeoutError(<urllib3.connection.HTTPSConnection object at 0x7f1b532220d0>, 'Connection to 8080 timed out. (connect timeout=7)')))
ERROR:wafw00f:Site ffasellerportal.newegg.com appears to be down
ERROR:wafw00f:Something went wrong HTTPSConnectionPool(host='images.newegg.com', port=443): Max retries exceeded with url: / (Caused by ProxyError('Unable to connect to proxy', ConnectTimeoutError(<urllib3.connection.HTTPSConnection object at 0x7f1b53221e50>, 'Connection to 8080 timed out. (connect timeout=7)')))
ERROR:wafw00f:Site images.newegg.com appears to be down
ERROR:wafw00f:Something went wrong HTTPSConnectionPool(host='imgion4.newegg.com', port=443): Max retries exceeded with url: / (Caused by ProxyError('Unable to connect to proxy', ConnectTimeoutError(<urllib3.connection.HTTPSConnection object at 0x7f1b53222350>, 'Connection to 8080 timed out. (connect timeout=7)')))
ERROR:wafw00f:Site imgion4.newegg.com appears to be down
ERROR:wafw00f:Something went wrong HTTPSConnectionPool(host='l.promo.newegg.com', port=443): Max retries exceeded with url: / (Caused by ProxyError('Unable to connect to proxy', ConnectTimeoutError(<urllib3.connection.HTTPSConnection object at 0x7f1b53222210>, 'Connection to 8080 timed out. (connect timeout=7)')))
ERROR:wafw00f:Site l.promo.newegg.com appears to be down
ERROR:wafw00f:Something went wrong HTTPSConnectionPool(host='i.promo.newegg.com', port=443): Max retries exceeded with url: / (Caused by ProxyError('Unable to connect to proxy', ConnectTimeoutError(<urllib3.connection.HTTPSConnection object at 0x7f1b53221810>, 'Connection to 8080 timed out. (connect timeout=7)')))
ERROR:wafw00f:Site i.promo.newegg.com appears to be down
ERROR:wafw00f:Something went wrong HTTPSConnectionPool(host='lyncdiscover.newegg.com', port=443): Max retries exceeded with url: / (Caused by ProxyError('Unable to connect to proxy', ConnectTimeoutError(<urllib3.connection.HTTPSConnection object at 0x7f1b532216d0>, 'Connection to 8080 timed out. (connect timeout=7)')))
ERROR:wafw00f:Site lyncdiscover.newegg.com appears to be down
